<?xml version="1.0" encoding="UTF-8"?>
<testsuite name="FoxTest" tests="2" skipped="0" failures="0" errors="0" timestamp="2017-07-13T16:36:47" hostname="MN-C02SL7BHG8WN" time="0.001">
  <properties/>
  <testcase name="slowFoxesThrowsExceptionWhenGivenNull" classname="FoxTest" time="0.001"/>
  <testcase name="slowFoxesReturnsEmptyListWhenGivenEmptyList" classname="FoxTest" time="0.0"/>
  <system-out><![CDATA[]]></system-out>
  <system-err><![CDATA[]]></system-err>
</testsuite>
