<?xml version="1.0" encoding="UTF-8"?>
<testsuite name="LibraryTest" tests="5" skipped="0" failures="0" errors="0" timestamp="2017-07-13T16:36:47" hostname="MN-C02SL7BHG8WN" time="0.008">
  <properties/>
  <testcase name="removeEvenReturnsSameListGivenOneOdd" classname="LibraryTest" time="0.007"/>
  <testcase name="removeEvenReturnsFilteredEvens" classname="LibraryTest" time="0.0"/>
  <testcase name="removeEvenReturnsEmptyListWhenGivenEmptyList" classname="LibraryTest" time="0.0"/>
  <testcase name="removeEvenThrowsExceptionWhenNull" classname="LibraryTest" time="0.0"/>
  <testcase name="removeEvenReturnsEmptyListWHenGivenOneEven" classname="LibraryTest" time="0.0"/>
  <system-out><![CDATA[]]></system-out>
  <system-err><![CDATA[]]></system-err>
</testsuite>
